#
# There is insufficient memory for the Java Runtime Environment to continue.
# Native memory allocation (malloc) failed to allocate 1048576 bytes. Error detail: AllocateHeap
# Possible reasons:
#   The system is out of physical RAM or swap space
#   This process is running with CompressedOops enabled, and the Java Heap may be blocking the growth of the native heap
# Possible solutions:
#   Reduce memory load on the system
#   Increase physical memory or swap space
#   Check if swap backing store is full
#   Decrease Java heap size (-Xmx/-Xms)
#   Decrease number of Java threads
#   Decrease Java thread stack sizes (-Xss)
#   Set larger code cache with -XX:ReservedCodeCacheSize=
#   JVM is running with Unscaled Compressed Oops mode in which the Java heap is
#     placed in the first 4GB address space. The Java Heap base address is the
#     maximum limit for the native heap growth. Please use -XX:HeapBaseMinAddress
#     to set the Java Heap base and to place the Java Heap above 4GB virtual address.
# This output file may be truncated or incomplete.
#
#  Out of Memory Error (allocation.cpp:44), pid=28688, tid=7152
#
# JRE version: OpenJDK Runtime Environment Temurin-21.0.8+9 (21.0.8+9) (build 21.0.8+9-LTS)
# Java VM: OpenJDK 64-Bit Server VM Temurin-21.0.8+9 (21.0.8+9-LTS, mixed mode, sharing, tiered, compressed oops, compressed class ptrs, parallel gc, windows-amd64)
# No core dump will be written. Minidumps are not enabled by default on client versions of Windows
#

---------------  S U M M A R Y ------------

Command Line: --add-modules=ALL-SYSTEM --add-opens=java.base/java.util=ALL-UNNAMED --add-opens=java.base/java.lang=ALL-UNNAMED --add-opens=java.base/sun.nio.fs=ALL-UNNAMED -Declipse.application=org.eclipse.jdt.ls.core.id1 -Dosgi.bundles.defaultStartLevel=4 -Declipse.product=org.eclipse.jdt.ls.core.product -Djava.import.generatesMetadataFilesAtProjectRoot=false -DDetectVMInstallationsJob.disabled=true -Dfile.encoding=utf8 -XX:+UseParallelGC -XX:GCTimeRatio=4 -XX:AdaptiveSizePolicyWeight=90 -Dsun.zip.disableMemoryMapping=true -Xmx2G -Xms100m -Xlog:disable -javaagent:c:\Users\enzov\.vscode\extensions\redhat.java-1.47.0-win32-x64\lombok\lombok-1.18.39-4050.jar -XX:+HeapDumpOnOutOfMemoryError -XX:HeapDumpPath=c:\Users\enzov\AppData\Roaming\Code\User\workspaceStorage\b69e56f3fcba66369dc5d39b48e6941d\redhat.java -Daether.dependencyCollector.impl=bf c:\Users\enzov\.vscode\extensions\redhat.java-1.47.0-win32-x64\server\plugins\org.eclipse.equinox.launcher_1.7.100.v20251014-1222.jar -configuration c:\Users\enzov\AppData\Roaming\Code\User\globalStorage\redhat.java\1.47.0\config_win -data c:\Users\enzov\AppData\Roaming\Code\User\workspaceStorage\b69e56f3fcba66369dc5d39b48e6941d\redhat.java\jdt_ws --pipe=\\.\pipe\lsp-c93508b92b99dfd34a0645c2e90b7471-sock

Host: 12th Gen Intel(R) Core(TM) i3-1215U, 8 cores, 7G,  Windows 11 , 64 bit Build 26100 (10.0.26100.7019)
Time: Sun Nov 16 13:54:38 2025 Hora oficial do Brasil elapsed time: 186204.089271 seconds (2d 3h 43m 24s)

---------------  T H R E A D  ---------------

Current thread (0x0000026b843a4d00):  JavaThread "Attach Listener" daemon [_thread_in_vm, id=7152, stack(0x00000086b9c00000,0x00000086b9d00000) (1024K)]

Stack: [0x00000086b9c00000,0x00000086b9d00000]
Native frames: (J=compiled Java code, j=interpreted, Vv=VM code, C=native code)
V  [jvm.dll+0x6d2449]
V  [jvm.dll+0x8ae341]
V  [jvm.dll+0x8b08be]
V  [jvm.dll+0x8b0fa3]
V  [jvm.dll+0x280c96]
V  [jvm.dll+0xc0347]
V  [jvm.dll+0x6d2cf9]
V  [jvm.dll+0x131116]
V  [jvm.dll+0x3f2d16]
V  [jvm.dll+0x857e6b]
V  [jvm.dll+0x6d0b0d]
C  [ucrtbase.dll+0x37b0]
C  [KERNEL32.DLL+0x2e8d7]
C  [ntdll.dll+0x8c53c]


---------------  P R O C E S S  ---------------

Threads class SMR info:
_java_thread_list=0x0000026bf2021f30, length=36, elements={
0x0000026b8442d950, 0x0000026b844e9460, 0x0000026b844ea370, 0x0000026b843a3f50,
0x0000026b843a4d00, 0x0000026b843abf70, 0x0000026b843b6340, 0x0000026b843bc410,
0x0000026b843bd5b0, 0x0000026b8449a780, 0x0000026be2014070, 0x0000026be2844190,
0x0000026be2666e80, 0x0000026bdd68be00, 0x0000026be2101340, 0x0000026bdd6e79a0,
0x0000026be282f9a0, 0x0000026be240a410, 0x0000026be2409d80, 0x0000026be2408340,
0x0000026be447c550, 0x0000026be447d270, 0x0000026be447d900, 0x0000026be447e620,
0x0000026be447f340, 0x0000026be447f9d0, 0x0000026be4480060, 0x0000026be447df90,
0x0000026be447cbe0, 0x0000026be4482130, 0x0000026be4483b70, 0x0000026be44834e0,
0x0000026befa3b1f0, 0x0000026bef4ac330, 0x0000026be4480d80, 0x0000026be44827c0
}

Java Threads: ( => current thread )
  0x0000026b8442d950 JavaThread "main"                              [_thread_blocked, id=25456, stack(0x00000086b9500000,0x00000086b9600000) (1024K)]
  0x0000026b844e9460 JavaThread "Reference Handler"          daemon [_thread_blocked, id=17500, stack(0x00000086b9900000,0x00000086b9a00000) (1024K)]
  0x0000026b844ea370 JavaThread "Finalizer"                  daemon [_thread_blocked, id=3104, stack(0x00000086b9a00000,0x00000086b9b00000) (1024K)]
  0x0000026b843a3f50 JavaThread "Signal Dispatcher"          daemon [_thread_blocked, id=16244, stack(0x00000086b9b00000,0x00000086b9c00000) (1024K)]
=>0x0000026b843a4d00 JavaThread "Attach Listener"            daemon [_thread_in_vm, id=7152, stack(0x00000086b9c00000,0x00000086b9d00000) (1024K)]
  0x0000026b843abf70 JavaThread "Service Thread"             daemon [_thread_blocked, id=15748, stack(0x00000086b9d00000,0x00000086b9e00000) (1024K)]
  0x0000026b843b6340 JavaThread "Monitor Deflation Thread"   daemon [_thread_blocked, id=25352, stack(0x00000086b9e00000,0x00000086b9f00000) (1024K)]
  0x0000026b843bc410 JavaThread "C2 CompilerThread0"         daemon [_thread_blocked, id=20132, stack(0x00000086b9f00000,0x00000086ba000000) (1024K)]
  0x0000026b843bd5b0 JavaThread "C1 CompilerThread0"         daemon [_thread_blocked, id=21748, stack(0x00000086ba000000,0x00000086ba100000) (1024K)]
  0x0000026b8449a780 JavaThread "Common-Cleaner"             daemon [_thread_blocked, id=24812, stack(0x00000086ba100000,0x00000086ba200000) (1024K)]
  0x0000026be2014070 JavaThread "Notification Thread"        daemon [_thread_blocked, id=24056, stack(0x00000086ba200000,0x00000086ba300000) (1024K)]
  0x0000026be2844190 JavaThread "Active Thread: Equinox Container: b812fad1-00e0-4093-ac62-98980de0f502"        [_thread_blocked, id=29300, stack(0x00000086bab00000,0x00000086bac00000) (1024K)]
  0x0000026be2666e80 JavaThread "Refresh Thread: Equinox Container: b812fad1-00e0-4093-ac62-98980de0f502" daemon [_thread_blocked, id=29584, stack(0x00000086ba400000,0x00000086ba500000) (1024K)]
  0x0000026bdd68be00 JavaThread "Framework Event Dispatcher: Equinox Container: b812fad1-00e0-4093-ac62-98980de0f502" daemon [_thread_blocked, id=23272, stack(0x00000086bac00000,0x00000086bad00000) (1024K)]
  0x0000026be2101340 JavaThread "Start Level: Equinox Container: b812fad1-00e0-4093-ac62-98980de0f502" daemon [_thread_blocked, id=30312, stack(0x00000086bad00000,0x00000086bae00000) (1024K)]
  0x0000026bdd6e79a0 JavaThread "Bundle File Closer"         daemon [_thread_blocked, id=11160, stack(0x00000086bae00000,0x00000086baf00000) (1024K)]
  0x0000026be282f9a0 JavaThread "SCR Component Actor"        daemon [_thread_blocked, id=24072, stack(0x00000086baf00000,0x00000086bb000000) (1024K)]
  0x0000026be240a410 JavaThread "Worker-JM"                         [_thread_blocked, id=21204, stack(0x00000086bb200000,0x00000086bb300000) (1024K)]
  0x0000026be2409d80 JavaThread "JNA Cleaner"                daemon [_thread_blocked, id=29988, stack(0x00000086bb000000,0x00000086bb100000) (1024K)]
  0x0000026be2408340 JavaThread "Java indexing"              daemon [_thread_blocked, id=24360, stack(0x00000086b9300000,0x00000086b9400000) (1024K)]
  0x0000026be447c550 JavaThread "Thread-1"                   daemon [_thread_in_native, id=10352, stack(0x00000086bbb00000,0x00000086bbc00000) (1024K)]
  0x0000026be447d270 JavaThread "Thread-2"                   daemon [_thread_in_native, id=20688, stack(0x00000086bbc00000,0x00000086bbd00000) (1024K)]
  0x0000026be447d900 JavaThread "Thread-3"                   daemon [_thread_in_native, id=4332, stack(0x00000086bbd00000,0x00000086bbe00000) (1024K)]
  0x0000026be447e620 JavaThread "Thread-4"                   daemon [_thread_in_native, id=20636, stack(0x00000086bbe00000,0x00000086bbf00000) (1024K)]
  0x0000026be447f340 JavaThread "Thread-5"                   daemon [_thread_in_native, id=9676, stack(0x00000086bbf00000,0x00000086bc000000) (1024K)]
  0x0000026be447f9d0 JavaThread "Thread-6"                   daemon [_thread_in_native, id=29100, stack(0x00000086bc000000,0x00000086bc100000) (1024K)]
  0x0000026be4480060 JavaThread "Thread-7"                   daemon [_thread_in_native, id=5444, stack(0x00000086bc100000,0x00000086bc200000) (1024K)]
  0x0000026be447df90 JavaThread "Thread-8"                   daemon [_thread_in_native, id=30452, stack(0x00000086bc200000,0x00000086bc300000) (1024K)]
  0x0000026be447cbe0 JavaThread "Thread-9"                   daemon [_thread_in_native, id=27620, stack(0x00000086bc300000,0x00000086bc400000) (1024K)]
  0x0000026be4482130 JavaThread "pool-2-thread-1"                   [_thread_blocked, id=30404, stack(0x00000086bc400000,0x00000086bc500000) (1024K)]
  0x0000026be4483b70 JavaThread "WorkspaceEventsHandler"            [_thread_blocked, id=23932, stack(0x00000086bc600000,0x00000086bc700000) (1024K)]
  0x0000026be44834e0 JavaThread "pool-1-thread-1"                   [_thread_blocked, id=6944, stack(0x00000086bc700000,0x00000086bc800000) (1024K)]
  0x0000026befa3b1f0 JavaThread "Cleaner-0"                  daemon [_thread_blocked, id=30424, stack(0x00000086bb700000,0x00000086bb800000) (1024K)]
  0x0000026bef4ac330 JavaThread "HttpClient-9-SelectorManager" daemon [_thread_in_native, id=24472, stack(0x00000086bcc00000,0x00000086bcd00000) (1024K)]
  0x0000026be4480d80 JavaThread "Worker-41"                         [_thread_blocked, id=5976, stack(0x00000086b9400000,0x00000086b9500000) (1024K)]
  0x0000026be44827c0 JavaThread "Worker-42"                         [_thread_blocked, id=22856, stack(0x00000086b9200000,0x00000086b9300000) (1024K)]
Total: 36

Other Threads:
  0x0000026b844cea40 VMThread "VM Thread"                           [id=29172, stack(0x00000086b9800000,0x00000086b9900000) (1024K)]
  0x0000026b842bca00 WatcherThread "VM Periodic Task Thread"        [id=27972, stack(0x00000086b9700000,0x00000086b9800000) (1024K)]
  0x0000026b8444bcc0 WorkerThread "GC Thread#0"                     [id=20836, stack(0x00000086b9600000,0x00000086b9700000) (1024K)]
  0x0000026be23d5a00 WorkerThread "GC Thread#1"                     [id=18240, stack(0x00000086ba500000,0x00000086ba600000) (1024K)]
  0x0000026be23d65c0 WorkerThread "GC Thread#2"                     [id=3168, stack(0x00000086ba600000,0x00000086ba700000) (1024K)]
  0x0000026be23d6960 WorkerThread "GC Thread#3"                     [id=9036, stack(0x00000086ba700000,0x00000086ba800000) (1024K)]
  0x0000026be26ae020 WorkerThread "GC Thread#4"                     [id=22640, stack(0x00000086ba800000,0x00000086ba900000) (1024K)]
  0x0000026be26ae3c0 WorkerThread "GC Thread#5"                     [id=20372, stack(0x00000086ba900000,0x00000086baa00000) (1024K)]
  0x0000026be26ae760 WorkerThread "GC Thread#6"                     [id=28680, stack(0x00000086baa00000,0x00000086bab00000) (1024K)]
  0x0000026be2851670 WorkerThread "GC Thread#7"                     [id=25032, stack(0x00000086ba300000,0x00000086ba400000) (1024K)]
Total: 10

Threads with active compile tasks:
Total: 0

VM state: not at safepoint (normal execution)

VM Mutex/Monitor currently owned by a thread: None

Heap address: 0x0000000080000000, size: 2048 MB, Compressed Oops mode: 32-bit

CDS archive(s) mapped at: [0x0000026b9b000000-0x0000026b9bba0000-0x0000026b9bba0000), size 12189696, SharedBaseAddress: 0x0000026b9b000000, ArchiveRelocationMode: 1.
Compressed class space mapped at: 0x0000026b9c000000-0x0000026bdc000000, reserved size: 1073741824
Narrow klass base: 0x0000026b9b000000, Narrow klass shift: 0, Narrow klass range: 0x100000000

GC Precious Log:
 CardTable entry size: 512
 CPUs: 8 total, 8 available
 Memory: 7865M
 Large Page Support: Disabled
 NUMA Support: Disabled
 Compressed Oops: Enabled (32-bit)
 Alignments: Space 512K, Generation 512K, Heap 2M
 Heap Min Capacity: 100M
 Heap Initial Capacity: 100M
 Heap Max Capacity: 2G
 Pre-touch: Disabled
 Parallel Workers: 8

Heap:
 PSYoungGen      total 4608K, used 1469K [0x00000000d5580000, 0x00000000d5c00000, 0x0000000100000000)
  eden space 4096K, 31% used [0x00000000d5580000,0x00000000d56c7618,0x00000000d5980000)
  from space 512K, 31% used [0x00000000d5b00000,0x00000000d5b28000,0x00000000d5b80000)
  to   space 512K, 0% used [0x00000000d5b80000,0x00000000d5b80000,0x00000000d5c00000)
 ParOldGen       total 963584K, used 963265K [0x0000000080000000, 0x00000000bad00000, 0x00000000d5580000)
  object space 963584K, 99% used [0x0000000080000000,0x00000000bacb0630,0x00000000bad00000)
 Metaspace       used 106005K, committed 107648K, reserved 1179648K
  class space    used 10516K, committed 11264K, reserved 1048576K

Card table byte_map: [0x0000026b83dd0000,0x0000026b841e0000] _byte_map_base: 0x0000026b839d0000

Marking Bits: (ParMarkBitMap*) 0x00007ffb786fa340
 Begin Bits: [0x0000026b968d0000, 0x0000026b988d0000)
 End Bits:   [0x0000026b988d0000, 0x0000026b9a8d0000)

Polling page: 0x0000026b839d0000

Metaspace:

Usage:
  Non-class:     93.25 MB used.
      Class:     10.27 MB used.
       Both:    103.52 MB used.

Virtual space:
  Non-class space:      128.00 MB reserved,      94.12 MB ( 74%) committed,  2 nodes.
      Class space:        1.00 GB reserved,      11.00 MB (  1%) committed,  1 nodes.
             Both:        1.12 GB reserved,     105.12 MB (  9%) committed. 

Chunk freelists:
   Non-Class:  1.29 MB
       Class:  5.01 MB
        Both:  6.30 MB

MaxMetaspaceSize: unlimited
CompressedClassSpaceSize: 1.00 GB
Initial GC threshold: 21.00 MB
Current GC threshold: 165.62 MB
CDS: on
 - commit_granule_bytes: 65536.
 - commit_granule_words: 8192.
 - virtual_space_node_default_size: 8388608.
 - enlarge_chunks_in_place: 1.
 - use_allocation_guard: 0.


Internal statistics:

num_allocs_failed_limit: 9.
num_arena_births: 2542.
num_arena_deaths: 888.
num_vsnodes_births: 3.
num_vsnodes_deaths: 0.
num_space_committed: 1690.
num_space_uncommitted: 5.
num_chunks_returned_to_freelist: 1182.
num_chunks_taken_from_freelist: 8694.
num_chunk_merges: 363.
num_chunk_splits: 4657.
num_chunks_enlarged: 2268.
num_inconsistent_stats: 0.

CodeHeap 'non-profiled nmethods': size=120000Kb used=31871Kb max_used=32539Kb free=88128Kb
 bounds [0x0000026b8f0f0000, 0x0000026b910c0000, 0x0000026b96620000]
CodeHeap 'profiled nmethods': size=120000Kb used=30595Kb max_used=53902Kb free=89404Kb
 bounds [0x0000026b87620000, 0x0000026b8ab40000, 0x0000026b8eb50000]
CodeHeap 'non-nmethods': size=5760Kb used=1568Kb max_used=1633Kb free=4191Kb
 bounds [0x0000026b8eb50000, 0x0000026b8edc0000, 0x0000026b8f0f0000]
CodeCache: size=245760Kb, used=64034Kb, max_used=88074Kb, free=181723Kb
 total_blobs=16549, nmethods=15656, adapters=794, full_count=0
Compilation: enabled, stopped_count=0, restarted_count=0

Compilation events (20 events):
Event: 106399.978 Thread 0x0000026b843bc410 nmethod 37872 0x0000026b90752c10 code [0x0000026b90752da0, 0x0000026b90752ec0]
Event: 106399.978 Thread 0x0000026b843bc410 37880       4       org.lombokweb.asm.ClassReader::readShort (27 bytes)
Event: 106399.979 Thread 0x0000026b843bc410 nmethod 37880 0x0000026b90761210 code [0x0000026b907613a0, 0x0000026b907614b0]
Event: 106400.112 Thread 0x0000026b843bd5b0 37884       3       org.eclipse.jdt.core.dom.rewrite.ImportRewrite::compareImport (173 bytes)
Event: 106400.115 Thread 0x0000026b843bd5b0 nmethod 37884 0x0000026b8786e690 code [0x0000026b8786eb60, 0x0000026b87870f90]
Event: 106400.266 Thread 0x0000026be5e15ef0 nmethod 37868% 0x0000026b90e61e10 code [0x0000026b90e62800, 0x0000026b90e6f560]
Event: 106400.861 Thread 0x0000026be5e15ef0 37885       4       org.eclipse.jdt.internal.compiler.lookup.CompilationUnitScope::resolveSingleImport (134 bytes)
Event: 106400.896 Thread 0x0000026be5e15ef0 nmethod 37885 0x0000026b90367b10 code [0x0000026b90367ce0, 0x0000026b90368048]
Event: 106400.905 Thread 0x0000026be5e15ef0 37886       4       org.eclipse.jdt.internal.compiler.lookup.Scope::greaterLowerBound (223 bytes)
Event: 106400.910 Thread 0x0000026b843bc410 37887       4       org.eclipse.jdt.internal.compiler.codegen.BranchLabel::<init> (56 bytes)
Event: 106400.914 Thread 0x0000026b843bc410 nmethod 37887 0x0000026b8f50bb10 code [0x0000026b8f50bcc0, 0x0000026b8f50bf00]
Event: 106400.930 Thread 0x0000026be5e15ef0 nmethod 37886 0x0000026b8f847290 code [0x0000026b8f8474c0, 0x0000026b8f848338]
Event: 106444.215 Thread 0x0000026b843bc410 37888       4       org.eclipse.jdt.internal.core.search.matching.MatchLocator::accept (12 bytes)
Event: 106444.292 Thread 0x0000026b843bc410 nmethod 37888 0x0000026b8f3ed710 code [0x0000026b8f3eda60, 0x0000026b8f3ef498]
Event: 106445.765 Thread 0x0000026b843bd5b0 37889 % !   3       org.eclipse.jdt.internal.compiler.parser.AbstractCommentParser::commentParse @ 418 (2358 bytes)
Event: 106445.792 Thread 0x0000026b843bd5b0 nmethod 37889% 0x0000026b8a81fc90 code [0x0000026b8a820560, 0x0000026b8a828e08]
Event: 106445.966 Thread 0x0000026b843bc410 37890       4       org.jsoup.parser.HtmlTreeBuilder::checkActiveFormattingElements (74 bytes)
Event: 106445.973 Thread 0x0000026b843bc410 nmethod 37890 0x0000026b90976f10 code [0x0000026b909770c0, 0x0000026b90977268]
Event: 183005.441 Thread 0x0000026b843bc410 37891   !   4       java.util.concurrent.ThreadPoolExecutor::getTask (177 bytes)
Event: 183005.844 Thread 0x0000026b843bc410 nmethod 37891 0x0000026b8f3ead90 code [0x0000026b8f3eb1a0, 0x0000026b8f3ec4a8]

GC Heap History (20 events):
Event: 106456.769 GC heap before
{Heap before GC invocations=17465 (full 15):
 PSYoungGen      total 4608K, used 4288K [0x00000000d5580000, 0x00000000d5c00000, 0x0000000100000000)
  eden space 4096K, 100% used [0x00000000d5580000,0x00000000d5980000,0x00000000d5980000)
  from space 512K, 37% used [0x00000000d5b00000,0x00000000d5b30000,0x00000000d5b80000)
  to   space 512K, 0% used [0x00000000d5b80000,0x00000000d5b80000,0x00000000d5c00000)
 ParOldGen       total 963584K, used 963257K [0x0000000080000000, 0x00000000bad00000, 0x00000000d5580000)
  object space 963584K, 99% used [0x0000000080000000,0x00000000bacae630,0x00000000bad00000)
 Metaspace       used 106005K, committed 107648K, reserved 1179648K
  class space    used 10516K, committed 11264K, reserved 1048576K
}
Event: 106456.773 GC heap after
{Heap after GC invocations=17465 (full 15):
 PSYoungGen      total 4608K, used 128K [0x00000000d5580000, 0x00000000d5c00000, 0x0000000100000000)
  eden space 4096K, 0% used [0x00000000d5580000,0x00000000d5580000,0x00000000d5980000)
  from space 512K, 25% used [0x00000000d5b80000,0x00000000d5ba0000,0x00000000d5c00000)
  to   space 512K, 0% used [0x00000000d5b00000,0x00000000d5b00000,0x00000000d5b80000)
 ParOldGen       total 963584K, used 963257K [0x0000000080000000, 0x00000000bad00000, 0x00000000d5580000)
  object space 963584K, 99% used [0x0000000080000000,0x00000000bacae630,0x00000000bad00000)
 Metaspace       used 106005K, committed 107648K, reserved 1179648K
  class space    used 10516K, committed 11264K, reserved 1048576K
}
Event: 106457.170 GC heap before
{Heap before GC invocations=17466 (full 15):
 PSYoungGen      total 4608K, used 4224K [0x00000000d5580000, 0x00000000d5c00000, 0x0000000100000000)
  eden space 4096K, 100% used [0x00000000d5580000,0x00000000d5980000,0x00000000d5980000)
  from space 512K, 25% used [0x00000000d5b80000,0x00000000d5ba0000,0x00000000d5c00000)
  to   space 512K, 0% used [0x00000000d5b00000,0x00000000d5b00000,0x00000000d5b80000)
 ParOldGen       total 963584K, used 963257K [0x0000000080000000, 0x00000000bad00000, 0x00000000d5580000)
  object space 963584K, 99% used [0x0000000080000000,0x00000000bacae630,0x00000000bad00000)
 Metaspace       used 106005K, committed 107648K, reserved 1179648K
  class space    used 10516K, committed 11264K, reserved 1048576K
}
Event: 106457.196 GC heap after
{Heap after GC invocations=17466 (full 15):
 PSYoungGen      total 4608K, used 192K [0x00000000d5580000, 0x00000000d5c00000, 0x0000000100000000)
  eden space 4096K, 0% used [0x00000000d5580000,0x00000000d5580000,0x00000000d5980000)
  from space 512K, 37% used [0x00000000d5b00000,0x00000000d5b30000,0x00000000d5b80000)
  to   space 512K, 0% used [0x00000000d5b80000,0x00000000d5b80000,0x00000000d5c00000)
 ParOldGen       total 963584K, used 963257K [0x0000000080000000, 0x00000000bad00000, 0x00000000d5580000)
  object space 963584K, 99% used [0x0000000080000000,0x00000000bacae630,0x00000000bad00000)
 Metaspace       used 106005K, committed 107648K, reserved 1179648K
  class space    used 10516K, committed 11264K, reserved 1048576K
}
Event: 106457.913 GC heap before
{Heap before GC invocations=17467 (full 15):
 PSYoungGen      total 4608K, used 4287K [0x00000000d5580000, 0x00000000d5c00000, 0x0000000100000000)
  eden space 4096K, 99% used [0x00000000d5580000,0x00000000d597fe08,0x00000000d5980000)
  from space 512K, 37% used [0x00000000d5b00000,0x00000000d5b30000,0x00000000d5b80000)
  to   space 512K, 0% used [0x00000000d5b80000,0x00000000d5b80000,0x00000000d5c00000)
 ParOldGen       total 963584K, used 963257K [0x0000000080000000, 0x00000000bad00000, 0x00000000d5580000)
  object space 963584K, 99% used [0x0000000080000000,0x00000000bacae630,0x00000000bad00000)
 Metaspace       used 106005K, committed 107648K, reserved 1179648K
  class space    used 10516K, committed 11264K, reserved 1048576K
}
Event: 106457.916 GC heap after
{Heap after GC invocations=17467 (full 15):
 PSYoungGen      total 4608K, used 160K [0x00000000d5580000, 0x00000000d5c00000, 0x0000000100000000)
  eden space 4096K, 0% used [0x00000000d5580000,0x00000000d5580000,0x00000000d5980000)
  from space 512K, 31% used [0x00000000d5b80000,0x00000000d5ba8000,0x00000000d5c00000)
  to   space 512K, 0% used [0x00000000d5b00000,0x00000000d5b00000,0x00000000d5b80000)
 ParOldGen       total 963584K, used 963257K [0x0000000080000000, 0x00000000bad00000, 0x00000000d5580000)
  object space 963584K, 99% used [0x0000000080000000,0x00000000bacae630,0x00000000bad00000)
 Metaspace       used 106005K, committed 107648K, reserved 1179648K
  class space    used 10516K, committed 11264K, reserved 1048576K
}
Event: 106458.280 GC heap before
{Heap before GC invocations=17468 (full 15):
 PSYoungGen      total 4608K, used 4256K [0x00000000d5580000, 0x00000000d5c00000, 0x0000000100000000)
  eden space 4096K, 100% used [0x00000000d5580000,0x00000000d5980000,0x00000000d5980000)
  from space 512K, 31% used [0x00000000d5b80000,0x00000000d5ba8000,0x00000000d5c00000)
  to   space 512K, 0% used [0x00000000d5b00000,0x00000000d5b00000,0x00000000d5b80000)
 ParOldGen       total 963584K, used 963257K [0x0000000080000000, 0x00000000bad00000, 0x00000000d5580000)
  object space 963584K, 99% used [0x0000000080000000,0x00000000bacae630,0x00000000bad00000)
 Metaspace       used 106005K, committed 107648K, reserved 1179648K
  class space    used 10516K, committed 11264K, reserved 1048576K
}
Event: 106458.282 GC heap after
{Heap after GC invocations=17468 (full 15):
 PSYoungGen      total 4608K, used 192K [0x00000000d5580000, 0x00000000d5c00000, 0x0000000100000000)
  eden space 4096K, 0% used [0x00000000d5580000,0x00000000d5580000,0x00000000d5980000)
  from space 512K, 37% used [0x00000000d5b00000,0x00000000d5b30000,0x00000000d5b80000)
  to   space 512K, 0% used [0x00000000d5b80000,0x00000000d5b80000,0x00000000d5c00000)
 ParOldGen       total 963584K, used 963257K [0x0000000080000000, 0x00000000bad00000, 0x00000000d5580000)
  object space 963584K, 99% used [0x0000000080000000,0x00000000bacae630,0x00000000bad00000)
 Metaspace       used 106005K, committed 107648K, reserved 1179648K
  class space    used 10516K, committed 11264K, reserved 1048576K
}
Event: 106458.922 GC heap before
{Heap before GC invocations=17469 (full 15):
 PSYoungGen      total 4608K, used 4288K [0x00000000d5580000, 0x00000000d5c00000, 0x0000000100000000)
  eden space 4096K, 100% used [0x00000000d5580000,0x00000000d5980000,0x00000000d5980000)
  from space 512K, 37% used [0x00000000d5b00000,0x00000000d5b30000,0x00000000d5b80000)
  to   space 512K, 0% used [0x00000000d5b80000,0x00000000d5b80000,0x00000000d5c00000)
 ParOldGen       total 963584K, used 963257K [0x0000000080000000, 0x00000000bad00000, 0x00000000d5580000)
  object space 963584K, 99% used [0x0000000080000000,0x00000000bacae630,0x00000000bad00000)
 Metaspace       used 106005K, committed 107648K, reserved 1179648K
  class space    used 10516K, committed 11264K, reserved 1048576K
}
Event: 106458.927 GC heap after
{Heap after GC invocations=17469 (full 15):
 PSYoungGen      total 4608K, used 128K [0x00000000d5580000, 0x00000000d5c00000, 0x0000000100000000)
  eden space 4096K, 0% used [0x00000000d5580000,0x00000000d5580000,0x00000000d5980000)
  from space 512K, 25% used [0x00000000d5b80000,0x00000000d5ba0000,0x00000000d5c00000)
  to   space 512K, 0% used [0x00000000d5b00000,0x00000000d5b00000,0x00000000d5b80000)
 ParOldGen       total 963584K, used 963257K [0x0000000080000000, 0x00000000bad00000, 0x00000000d5580000)
  object space 963584K, 99% used [0x0000000080000000,0x00000000bacae630,0x00000000bad00000)
 Metaspace       used 106005K, committed 107648K, reserved 1179648K
  class space    used 10516K, committed 11264K, reserved 1048576K
}
Event: 106459.080 GC heap before
{Heap before GC invocations=17470 (full 15):
 PSYoungGen      total 4608K, used 4224K [0x00000000d5580000, 0x00000000d5c00000, 0x0000000100000000)
  eden space 4096K, 100% used [0x00000000d5580000,0x00000000d5980000,0x00000000d5980000)
  from space 512K, 25% used [0x00000000d5b80000,0x00000000d5ba0000,0x00000000d5c00000)
  to   space 512K, 0% used [0x00000000d5b00000,0x00000000d5b00000,0x00000000d5b80000)
 ParOldGen       total 963584K, used 963257K [0x0000000080000000, 0x00000000bad00000, 0x00000000d5580000)
  object space 963584K, 99% used [0x0000000080000000,0x00000000bacae630,0x00000000bad00000)
 Metaspace       used 106005K, committed 107648K, reserved 1179648K
  class space    used 10516K, committed 11264K, reserved 1048576K
}
Event: 106459.083 GC heap after
{Heap after GC invocations=17470 (full 15):
 PSYoungGen      total 4608K, used 160K [0x00000000d5580000, 0x00000000d5c00000, 0x0000000100000000)
  eden space 4096K, 0% used [0x00000000d5580000,0x00000000d5580000,0x00000000d5980000)
  from space 512K, 31% used [0x00000000d5b00000,0x00000000d5b28000,0x00000000d5b80000)
  to   space 512K, 0% used [0x00000000d5b80000,0x00000000d5b80000,0x00000000d5c00000)
 ParOldGen       total 963584K, used 963257K [0x0000000080000000, 0x00000000bad00000, 0x00000000d5580000)
  object space 963584K, 99% used [0x0000000080000000,0x00000000bacae630,0x00000000bad00000)
 Metaspace       used 106005K, committed 107648K, reserved 1179648K
  class space    used 10516K, committed 11264K, reserved 1048576K
}
Event: 106459.344 GC heap before
{Heap before GC invocations=17471 (full 15):
 PSYoungGen      total 4608K, used 4256K [0x00000000d5580000, 0x00000000d5c00000, 0x0000000100000000)
  eden space 4096K, 100% used [0x00000000d5580000,0x00000000d5980000,0x00000000d5980000)
  from space 512K, 31% used [0x00000000d5b00000,0x00000000d5b28000,0x00000000d5b80000)
  to   space 512K, 0% used [0x00000000d5b80000,0x00000000d5b80000,0x00000000d5c00000)
 ParOldGen       total 963584K, used 963257K [0x0000000080000000, 0x00000000bad00000, 0x00000000d5580000)
  object space 963584K, 99% used [0x0000000080000000,0x00000000bacae630,0x00000000bad00000)
 Metaspace       used 106005K, committed 107648K, reserved 1179648K
  class space    used 10516K, committed 11264K, reserved 1048576K
}
Event: 106459.346 GC heap after
{Heap after GC invocations=17471 (full 15):
 PSYoungGen      total 4608K, used 160K [0x00000000d5580000, 0x00000000d5c00000, 0x0000000100000000)
  eden space 4096K, 0% used [0x00000000d5580000,0x00000000d5580000,0x00000000d5980000)
  from space 512K, 31% used [0x00000000d5b80000,0x00000000d5ba8000,0x00000000d5c00000)
  to   space 512K, 0% used [0x00000000d5b00000,0x00000000d5b00000,0x00000000d5b80000)
 ParOldGen       total 963584K, used 963257K [0x0000000080000000, 0x00000000bad00000, 0x00000000d5580000)
  object space 963584K, 99% used [0x0000000080000000,0x00000000bacae630,0x00000000bad00000)
 Metaspace       used 106005K, committed 107648K, reserved 1179648K
  class space    used 10516K, committed 11264K, reserved 1048576K
}
Event: 106461.804 GC heap before
{Heap before GC invocations=17472 (full 15):
 PSYoungGen      total 4608K, used 4256K [0x00000000d5580000, 0x00000000d5c00000, 0x0000000100000000)
  eden space 4096K, 100% used [0x00000000d5580000,0x00000000d5980000,0x00000000d5980000)
  from space 512K, 31% used [0x00000000d5b80000,0x00000000d5ba8000,0x00000000d5c00000)
  to   space 512K, 0% used [0x00000000d5b00000,0x00000000d5b00000,0x00000000d5b80000)
 ParOldGen       total 963584K, used 963257K [0x0000000080000000, 0x00000000bad00000, 0x00000000d5580000)
  object space 963584K, 99% used [0x0000000080000000,0x00000000bacae630,0x00000000bad00000)
 Metaspace       used 106005K, committed 107648K, reserved 1179648K
  class space    used 10516K, committed 11264K, reserved 1048576K
}
Event: 106461.808 GC heap after
{Heap after GC invocations=17472 (full 15):
 PSYoungGen      total 4608K, used 96K [0x00000000d5580000, 0x00000000d5c00000, 0x0000000100000000)
  eden space 4096K, 0% used [0x00000000d5580000,0x00000000d5580000,0x00000000d5980000)
  from space 512K, 18% used [0x00000000d5b00000,0x00000000d5b18000,0x00000000d5b80000)
  to   space 512K, 0% used [0x00000000d5b80000,0x00000000d5b80000,0x00000000d5c00000)
 ParOldGen       total 963584K, used 963257K [0x0000000080000000, 0x00000000bad00000, 0x00000000d5580000)
  object space 963584K, 99% used [0x0000000080000000,0x00000000bacae630,0x00000000bad00000)
 Metaspace       used 106005K, committed 107648K, reserved 1179648K
  class space    used 10516K, committed 11264K, reserved 1048576K
}
Event: 106464.568 GC heap before
{Heap before GC invocations=17473 (full 15):
 PSYoungGen      total 4608K, used 4192K [0x00000000d5580000, 0x00000000d5c00000, 0x0000000100000000)
  eden space 4096K, 100% used [0x00000000d5580000,0x00000000d5980000,0x00000000d5980000)
  from space 512K, 18% used [0x00000000d5b00000,0x00000000d5b18000,0x00000000d5b80000)
  to   space 512K, 0% used [0x00000000d5b80000,0x00000000d5b80000,0x00000000d5c00000)
 ParOldGen       total 963584K, used 963257K [0x0000000080000000, 0x00000000bad00000, 0x00000000d5580000)
  object space 963584K, 99% used [0x0000000080000000,0x00000000bacae630,0x00000000bad00000)
 Metaspace       used 106005K, committed 107648K, reserved 1179648K
  class space    used 10516K, committed 11264K, reserved 1048576K
}
Event: 106464.574 GC heap after
{Heap after GC invocations=17473 (full 15):
 PSYoungGen      total 4608K, used 192K [0x00000000d5580000, 0x00000000d5c00000, 0x0000000100000000)
  eden space 4096K, 0% used [0x00000000d5580000,0x00000000d5580000,0x00000000d5980000)
  from space 512K, 37% used [0x00000000d5b80000,0x00000000d5bb0000,0x00000000d5c00000)
  to   space 512K, 0% used [0x00000000d5b00000,0x00000000d5b00000,0x00000000d5b80000)
 ParOldGen       total 963584K, used 963257K [0x0000000080000000, 0x00000000bad00000, 0x00000000d5580000)
  object space 963584K, 99% used [0x0000000080000000,0x00000000bacae630,0x00000000bad00000)
 Metaspace       used 106005K, committed 107648K, reserved 1179648K
  class space    used 10516K, committed 11264K, reserved 1048576K
}
Event: 106465.066 GC heap before
{Heap before GC invocations=17474 (full 15):
 PSYoungGen      total 4608K, used 4288K [0x00000000d5580000, 0x00000000d5c00000, 0x0000000100000000)
  eden space 4096K, 100% used [0x00000000d5580000,0x00000000d5980000,0x00000000d5980000)
  from space 512K, 37% used [0x00000000d5b80000,0x00000000d5bb0000,0x00000000d5c00000)
  to   space 512K, 0% used [0x00000000d5b00000,0x00000000d5b00000,0x00000000d5b80000)
 ParOldGen       total 963584K, used 963257K [0x0000000080000000, 0x00000000bad00000, 0x00000000d5580000)
  object space 963584K, 99% used [0x0000000080000000,0x00000000bacae630,0x00000000bad00000)
 Metaspace       used 106005K, committed 107648K, reserved 1179648K
  class space    used 10516K, committed 11264K, reserved 1048576K
}
Event: 106465.071 GC heap after
{Heap after GC invocations=17474 (full 15):
 PSYoungGen      total 4608K, used 160K [0x00000000d5580000, 0x00000000d5c00000, 0x0000000100000000)
  eden space 4096K, 0% used [0x00000000d5580000,0x00000000d5580000,0x00000000d5980000)
  from space 512K, 31% used [0x00000000d5b00000,0x00000000d5b28000,0x00000000d5b80000)
  to   space 512K, 0% used [0x00000000d5b80000,0x00000000d5b80000,0x00000000d5c00000)
 ParOldGen       total 963584K, used 963265K [0x0000000080000000, 0x00000000bad00000, 0x00000000d5580000)
  object space 963584K, 99% used [0x0000000080000000,0x00000000bacb0630,0x00000000bad00000)
 Metaspace       used 106005K, committed 107648K, reserved 1179648K
  class space    used 10516K, committed 11264K, reserved 1048576K
}

Dll operation events (14 events):
Event: 0.015 Loaded shared library c:\Users\enzov\.vscode\extensions\redhat.java-1.47.0-win32-x64\jre\21.0.8-win32-x86_64\bin\java.dll
Event: 0.101 Loaded shared library c:\Users\enzov\.vscode\extensions\redhat.java-1.47.0-win32-x64\jre\21.0.8-win32-x86_64\bin\zip.dll
Event: 0.135 Loaded shared library C:\Users\enzov\.vscode\extensions\redhat.java-1.47.0-win32-x64\jre\21.0.8-win32-x86_64\bin\instrument.dll
Event: 0.143 Loaded shared library C:\Users\enzov\.vscode\extensions\redhat.java-1.47.0-win32-x64\jre\21.0.8-win32-x86_64\bin\net.dll
Event: 0.148 Loaded shared library C:\Users\enzov\.vscode\extensions\redhat.java-1.47.0-win32-x64\jre\21.0.8-win32-x86_64\bin\nio.dll
Event: 0.153 Loaded shared library C:\Users\enzov\.vscode\extensions\redhat.java-1.47.0-win32-x64\jre\21.0.8-win32-x86_64\bin\zip.dll
Event: 0.185 Loaded shared library C:\Users\enzov\.vscode\extensions\redhat.java-1.47.0-win32-x64\jre\21.0.8-win32-x86_64\bin\jimage.dll
Event: 0.316 Loaded shared library c:\Users\enzov\.vscode\extensions\redhat.java-1.47.0-win32-x64\jre\21.0.8-win32-x86_64\bin\verify.dll
Event: 13.236 Loaded shared library C:\Users\enzov\AppData\Roaming\Code\User\globalStorage\redhat.java\1.47.0\config_win\org.eclipse.equinox.launcher\org.eclipse.equinox.launcher.win32.win32.x86_64_1.2.1400.v20250801-0854\eclipse_11916.dll
Event: 29.394 Loaded shared library C:\Users\enzov\AppData\Local\Temp\jna-96673432\jna10663787094704156674.dll
Event: 32.020 Loaded shared library C:\Users\enzov\.vscode\extensions\redhat.java-1.47.0-win32-x64\jre\21.0.8-win32-x86_64\bin\sunmscapi.dll
Event: 32.197 Loaded shared library C:\Users\enzov\.vscode\extensions\redhat.java-1.47.0-win32-x64\jre\21.0.8-win32-x86_64\bin\extnet.dll
Event: 52683.157 Loaded shared library C:\Users\enzov\.vscode\extensions\redhat.java-1.47.0-win32-x64\jre\21.0.8-win32-x86_64\bin\management.dll
Event: 52683.171 Loaded shared library C:\Users\enzov\.vscode\extensions\redhat.java-1.47.0-win32-x64\jre\21.0.8-win32-x86_64\bin\management_ext.dll

Deoptimization events (20 events):
Event: 106444.219 Thread 0x0000026be6498340 Uncommon trap: trap_request=0xffffffbe fr.pc=0x0000026b8f847f10 relative=0x0000000000000a50
Event: 106444.219 Thread 0x0000026be6498340 Uncommon trap: reason=profile_predicate action=maybe_recompile pc=0x0000026b8f847f10 method=org.eclipse.jdt.internal.compiler.lookup.Scope.greaterLowerBound([Lorg/eclipse/jdt/internal/compiler/lookup/TypeBinding;Lorg/eclipse/jdt/internal/compiler/lookup/S
Event: 106444.219 Thread 0x0000026be6498340 DEOPT PACKING pc=0x0000026b8f847f10 sp=0x00000086bb9fe0d0
Event: 106444.220 Thread 0x0000026be6498340 DEOPT UNPACKING pc=0x0000026b8eba3aa2 sp=0x00000086bb9fe088 mode 2
Event: 106444.265 Thread 0x0000026be6498340 Uncommon trap: trap_request=0xffffffde fr.pc=0x0000026b8fc33414 relative=0x0000000000000574
Event: 106444.265 Thread 0x0000026be6498340 Uncommon trap: reason=class_check action=maybe_recompile pc=0x0000026b8fc33414 method=com.google.common.cache.LocalCache$Segment.drainRecencyQueue()V @ 9 c2
Event: 106444.265 Thread 0x0000026be6498340 DEOPT PACKING pc=0x0000026b8fc33414 sp=0x00000086bb9fede0
Event: 106444.265 Thread 0x0000026be6498340 DEOPT UNPACKING pc=0x0000026b8eba3aa2 sp=0x00000086bb9fed80 mode 2
Event: 106445.729 Thread 0x0000026be6498340 Uncommon trap: trap_request=0xffffffde fr.pc=0x0000026b8fe50bdc relative=0x00000000000033bc
Event: 106445.730 Thread 0x0000026be6498340 Uncommon trap: reason=class_check action=maybe_recompile pc=0x0000026b8fe50bdc method=org.eclipse.jdt.internal.core.manipulation.JavaElementLabelComposerCore.appendMethodParamsList(Lorg/eclipse/jdt/core/IMethod;JLjava/lang/String;)V @ 237 c2
Event: 106445.730 Thread 0x0000026be6498340 DEOPT PACKING pc=0x0000026b8fe50bdc sp=0x00000086bb9fee50
Event: 106445.730 Thread 0x0000026be6498340 DEOPT UNPACKING pc=0x0000026b8eba3aa2 sp=0x00000086bb9fee10 mode 2
Event: 106445.742 Thread 0x0000026be6498340 Uncommon trap: trap_request=0xffffff45 fr.pc=0x0000026b90d13958 relative=0x00000000000083f8
Event: 106445.743 Thread 0x0000026be6498340 Uncommon trap: reason=unstable_if action=reinterpret pc=0x0000026b90d13958 method=org.eclipse.jdt.internal.compiler.parser.AbstractCommentParser.commentParse()Z @ 575 c2
Event: 106445.744 Thread 0x0000026be6498340 DEOPT PACKING pc=0x0000026b90d13958 sp=0x00000086bb9fe510
Event: 106445.744 Thread 0x0000026be6498340 DEOPT UNPACKING pc=0x0000026b8eba3aa2 sp=0x00000086bb9fe518 mode 2
Event: 106445.762 Thread 0x0000026be6498340 Uncommon trap: trap_request=0xffffff45 fr.pc=0x0000026b8fae6c40 relative=0x0000000000001700
Event: 106445.762 Thread 0x0000026be6498340 Uncommon trap: reason=unstable_if action=reinterpret pc=0x0000026b8fae6c40 method=org.eclipse.jdt.core.dom.DocCommentParser.parseTag(I)Z @ 1207 c2
Event: 106445.762 Thread 0x0000026be6498340 DEOPT PACKING pc=0x0000026b8fae6c40 sp=0x00000086bb9fe5a0
Event: 106445.763 Thread 0x0000026be6498340 DEOPT UNPACKING pc=0x0000026b8eba3aa2 sp=0x00000086bb9fe550 mode 2

Classes loaded (20 events):
Event: 52684.187 Loading class sun/nio/cs/UTF_32BE
Event: 52684.188 Loading class sun/nio/cs/UTF_32BE done
Event: 52684.188 Loading class sun/nio/cs/UTF_32LE
Event: 52684.188 Loading class sun/nio/cs/UTF_32LE done
Event: 52684.215 Loading class sun/security/ssl/SSLContextImpl$TLSContext
Event: 52684.216 Loading class sun/security/ssl/SSLContextImpl$TLSContext done
Event: 52684.216 Loading class sun/security/ssl/DummyX509KeyManager
Event: 52684.216 Loading class sun/security/ssl/DummyX509KeyManager done
Event: 52684.267 Loading class java/util/PriorityQueue
Event: 52684.269 Loading class java/util/PriorityQueue done
Event: 52684.336 Loading class java/util/EnumMap$Values
Event: 52684.337 Loading class java/util/EnumMap$Values done
Event: 52684.337 Loading class java/util/EnumMap$ValueIterator
Event: 52684.337 Loading class java/util/EnumMap$EnumMapIterator
Event: 52684.337 Loading class java/util/EnumMap$EnumMapIterator done
Event: 52684.337 Loading class java/util/EnumMap$ValueIterator done
Event: 52684.416 Loading class java/net/HttpRetryException
Event: 52684.416 Loading class java/net/HttpRetryException done
Event: 52685.088 Loading class sun/net/ConnectionResetException
Event: 52685.089 Loading class sun/net/ConnectionResetException done

Classes unloaded (20 events):
Event: 52642.984 Thread 0x0000026b844cea40 Unloading class 0x0000026b9c8b0800 'jdk/internal/reflect/GeneratedSerializationConstructorAccessor108'
Event: 52642.985 Thread 0x0000026b844cea40 Unloading class 0x0000026b9c958800 'jdk/internal/reflect/GeneratedSerializationConstructorAccessor107'
Event: 52642.985 Thread 0x0000026b844cea40 Unloading class 0x0000026b9c95a000 'jdk/internal/reflect/GeneratedSerializationConstructorAccessor106'
Event: 52642.985 Thread 0x0000026b844cea40 Unloading class 0x0000026b9c998800 'jdk/internal/reflect/GeneratedSerializationConstructorAccessor105'
Event: 52642.986 Thread 0x0000026b844cea40 Unloading class 0x0000026b9ca0d800 'jdk/internal/reflect/GeneratedSerializationConstructorAccessor104'
Event: 52642.986 Thread 0x0000026b844cea40 Unloading class 0x0000026b9c99d400 'java/lang/invoke/LambdaForm$MH+0x0000026b9c99d400'
Event: 52642.987 Thread 0x0000026b844cea40 Unloading class 0x0000026b9c16f800 'jdk/internal/reflect/GeneratedSerializationConstructorAccessor103'
Event: 52642.987 Thread 0x0000026b844cea40 Unloading class 0x0000026b9c01f800 'jdk/internal/reflect/GeneratedSerializationConstructorAccessor102'
Event: 52642.988 Thread 0x0000026b844cea40 Unloading class 0x0000026b9c01e800 'jdk/internal/reflect/GeneratedSerializationConstructorAccessor101'
Event: 52642.988 Thread 0x0000026b844cea40 Unloading class 0x0000026b9c01e400 'jdk/internal/reflect/GeneratedSerializationConstructorAccessor100'
Event: 52642.989 Thread 0x0000026b844cea40 Unloading class 0x0000026b9c01d400 'java/lang/invoke/LambdaForm$MH+0x0000026b9c01d400'
Event: 52642.989 Thread 0x0000026b844cea40 Unloading class 0x0000026b9ca09400 'jdk/internal/reflect/GeneratedSerializationConstructorAccessor99'
Event: 52642.989 Thread 0x0000026b844cea40 Unloading class 0x0000026b9ca4c400 'jdk/internal/reflect/GeneratedSerializationConstructorAccessor98'
Event: 52642.990 Thread 0x0000026b844cea40 Unloading class 0x0000026b9ca50c00 'jdk/internal/reflect/GeneratedSerializationConstructorAccessor97'
Event: 52642.990 Thread 0x0000026b844cea40 Unloading class 0x0000026b9ca54c00 'jdk/internal/reflect/GeneratedSerializationConstructorAccessor96'
Event: 52642.991 Thread 0x0000026b844cea40 Unloading class 0x0000026b9ca57000 'java/lang/invoke/LambdaForm$MH+0x0000026b9ca57000'
Event: 52642.991 Thread 0x0000026b844cea40 Unloading class 0x0000026b9ca56c00 'java/lang/invoke/LambdaForm$MH+0x0000026b9ca56c00'
Event: 52642.991 Thread 0x0000026b844cea40 Unloading class 0x0000026b9ca56800 'java/lang/invoke/LambdaForm$MH+0x0000026b9ca56800'
Event: 52642.991 Thread 0x0000026b844cea40 Unloading class 0x0000026b9ca4c000 'java/lang/invoke/LambdaForm$MH+0x0000026b9ca4c000'
Event: 52642.992 Thread 0x0000026b844cea40 Unloading class 0x0000026b9c118000 'java/lang/invoke/LambdaForm$MH+0x0000026b9c118000'

Classes redefined (0 events):
No events

Internal exceptions (20 events):
Event: 52754.743 Thread 0x0000026be649b7c0 Exception <a 'java/lang/ClassNotFoundException'{0x00000000d5632398}: sun/net/www/protocol/jdt/Handler> (0x00000000d5632398) 
thrown [s\src\hotspot\share\classfile\systemDictionary.cpp, line 312]
Event: 52754.743 Thread 0x0000026be649b7c0 Exception <a 'java/lang/ClassNotFoundException'{0x00000000d5634580}: sun/net/www/protocol/jdt/Handler> (0x00000000d5634580) 
thrown [s\src\hotspot\share\classfile\systemDictionary.cpp, line 312]
Event: 52754.743 Thread 0x0000026be649b7c0 Exception <a 'java/lang/ClassNotFoundException'{0x00000000d56367d0}: sun/net/www/protocol/jdt/Handler> (0x00000000d56367d0) 
thrown [s\src\hotspot\share\classfile\systemDictionary.cpp, line 312]
Event: 52754.743 Thread 0x0000026be649b7c0 Exception <a 'java/lang/ClassNotFoundException'{0x00000000d56389f8}: sun/net/www/protocol/jdt/Handler> (0x00000000d56389f8) 
thrown [s\src\hotspot\share\classfile\systemDictionary.cpp, line 312]
Event: 52754.743 Thread 0x0000026be649b7c0 Exception <a 'java/lang/ClassNotFoundException'{0x00000000d563ac38}: sun/net/www/protocol/jdt/Handler> (0x00000000d563ac38) 
thrown [s\src\hotspot\share\classfile\systemDictionary.cpp, line 312]
Event: 52754.743 Thread 0x0000026be649b7c0 Exception <a 'java/lang/ClassNotFoundException'{0x00000000d563ce40}: sun/net/www/protocol/jdt/Handler> (0x00000000d563ce40) 
thrown [s\src\hotspot\share\classfile\systemDictionary.cpp, line 312]
Event: 52754.743 Thread 0x0000026be649b7c0 Exception <a 'java/lang/ClassNotFoundException'{0x00000000d563f068}: sun/net/www/protocol/jdt/Handler> (0x00000000d563f068) 
thrown [s\src\hotspot\share\classfile\systemDictionary.cpp, line 312]
Event: 52754.743 Thread 0x0000026be649b7c0 Exception <a 'java/lang/ClassNotFoundException'{0x00000000d56412d8}: sun/net/www/protocol/jdt/Handler> (0x00000000d56412d8) 
thrown [s\src\hotspot\share\classfile\systemDictionary.cpp, line 312]
Event: 52754.743 Thread 0x0000026be649b7c0 Exception <a 'java/lang/ClassNotFoundException'{0x00000000d5643500}: sun/net/www/protocol/jdt/Handler> (0x00000000d5643500) 
thrown [s\src\hotspot\share\classfile\systemDictionary.cpp, line 312]
Event: 52785.740 Thread 0x0000026be2408340 Exception <a 'sun/nio/fs/WindowsException'{0x00000000d56b8398}> (0x00000000d56b8398) 
thrown [s\src\hotspot\share\prims\jni.cpp, line 520]
Event: 52785.938 Thread 0x0000026be2408340 Exception <a 'sun/nio/fs/WindowsException'{0x00000000d56688e0}> (0x00000000d56688e0) 
thrown [s\src\hotspot\share\prims\jni.cpp, line 520]
Event: 52824.636 Thread 0x0000026be2408340 Exception <a 'sun/nio/fs/WindowsException'{0x00000000d5acdab0}> (0x00000000d5acdab0) 
thrown [s\src\hotspot\share\prims\jni.cpp, line 520]
Event: 52824.899 Thread 0x0000026be2408340 Exception <a 'sun/nio/fs/WindowsException'{0x00000000d5727370}> (0x00000000d5727370) 
thrown [s\src\hotspot\share\prims\jni.cpp, line 520]
Event: 52941.455 Thread 0x0000026be6497cb0 Exception <a 'sun/nio/fs/WindowsException'{0x00000000d5a5ce08}> (0x00000000d5a5ce08) 
thrown [s\src\hotspot\share\prims\jni.cpp, line 520]
Event: 52941.460 Thread 0x0000026be6497cb0 Exception <a 'sun/nio/fs/WindowsException'{0x00000000d5a5d6d0}> (0x00000000d5a5d6d0) 
thrown [s\src\hotspot\share\prims\jni.cpp, line 520]
Event: 52941.671 Thread 0x0000026be6497cb0 Exception <a 'java/lang/NoSuchMethodError'{0x00000000d5656790}: static Lorg/eclipse/m2e/core/internal/lifecyclemapping/model/PluginExecutionMetadata;.<clinit>()V> (0x00000000d5656790) 
thrown [s\src\hotspot\share\prims\jni.cpp, line 1111]
Event: 52941.680 Thread 0x0000026be6497cb0 Exception <a 'java/lang/NoSuchMethodError'{0x00000000d56791c8}: static Lorg/eclipse/m2e/core/internal/lifecyclemapping/model/PluginExecutionFilter;.<clinit>()V> (0x00000000d56791c8) 
thrown [s\src\hotspot\share\prims\jni.cpp, line 1111]
Event: 52941.683 Thread 0x0000026be6497cb0 Exception <a 'java/lang/NoSuchMethodError'{0x00000000d5693308}: static Lorg/eclipse/m2e/core/internal/project/registry/MavenProjectFacade$MavenProjectConfiguration;.<clinit>()V> (0x00000000d5693308) 
thrown [s\src\hotspot\share\prims\jni.cpp, line 1111]
Event: 52941.692 Thread 0x0000026be6497cb0 Exception <a 'java/lang/NoSuchMethodError'{0x00000000d56af090}: static [J.<clinit>()V> (0x00000000d56af090) 
thrown [s\src\hotspot\share\prims\jni.cpp, line 1111]
Event: 106445.994 Thread 0x0000026be6498340 Exception <a 'java/lang/ClassNotFoundException'{0x00000000d59409b8}: sun/net/www/protocol/jdt/Handler> (0x00000000d59409b8) 
thrown [s\src\hotspot\share\classfile\systemDictionary.cpp, line 312]

ZGC Phase Switch (0 events):
No events

VM Operations (20 events):
Event: 181763.720 Executing VM operation: HandshakeAllThreads (HandshakeForDeflation)
Event: 181763.728 Executing VM operation: HandshakeAllThreads (HandshakeForDeflation) done
Event: 181763.728 Executing VM operation: RendezvousGCThreads
Event: 181763.728 Executing VM operation: RendezvousGCThreads done
Event: 182665.635 Executing VM operation: HandshakeAllThreads (HandshakeForDeflation)
Event: 182665.636 Executing VM operation: HandshakeAllThreads (HandshakeForDeflation) done
Event: 182665.636 Executing VM operation: RendezvousGCThreads
Event: 182665.636 Executing VM operation: RendezvousGCThreads done
Event: 183567.733 Executing VM operation: HandshakeAllThreads (HandshakeForDeflation)
Event: 183567.740 Executing VM operation: HandshakeAllThreads (HandshakeForDeflation) done
Event: 183567.740 Executing VM operation: RendezvousGCThreads
Event: 183567.740 Executing VM operation: RendezvousGCThreads done
Event: 184470.047 Executing VM operation: HandshakeAllThreads (HandshakeForDeflation)
Event: 184470.070 Executing VM operation: HandshakeAllThreads (HandshakeForDeflation) done
Event: 184470.072 Executing VM operation: RendezvousGCThreads
Event: 184470.072 Executing VM operation: RendezvousGCThreads done
Event: 185371.491 Executing VM operation: HandshakeAllThreads (HandshakeForDeflation)
Event: 185371.492 Executing VM operation: HandshakeAllThreads (HandshakeForDeflation) done
Event: 185371.501 Executing VM operation: RendezvousGCThreads
Event: 185371.501 Executing VM operation: RendezvousGCThreads done

Memory protections (0 events):
No events

Nmethod flushes (20 events):
Event: 52647.431 Thread 0x0000026b844cea40 flushing  nmethod 0x0000026b8a970c10
Event: 52647.431 Thread 0x0000026b844cea40 flushing  nmethod 0x0000026b8a971890
Event: 52647.431 Thread 0x0000026b844cea40 flushing  nmethod 0x0000026b8a97e090
Event: 52647.431 Thread 0x0000026b844cea40 flushing  nmethod 0x0000026b8a97e990
Event: 52647.431 Thread 0x0000026b844cea40 flushing  nmethod 0x0000026b8a980510
Event: 52647.431 Thread 0x0000026b844cea40 flushing  nmethod 0x0000026b8a98ec90
Event: 52647.431 Thread 0x0000026b844cea40 flushing  nmethod 0x0000026b8a993110
Event: 52647.431 Thread 0x0000026b844cea40 flushing  nmethod 0x0000026b8a9db090
Event: 52647.431 Thread 0x0000026b844cea40 flushing  nmethod 0x0000026b8a9ec810
Event: 52647.431 Thread 0x0000026b844cea40 flushing  nmethod 0x0000026b8a9f5e90
Event: 52647.431 Thread 0x0000026b844cea40 flushing  nmethod 0x0000026b8a9f6290
Event: 52647.431 Thread 0x0000026b844cea40 flushing  nmethod 0x0000026b8aa11590
Event: 52647.432 Thread 0x0000026b844cea40 flushing  nmethod 0x0000026b8aa14b90
Event: 52647.432 Thread 0x0000026b844cea40 flushing  nmethod 0x0000026b8aa2cb90
Event: 52647.432 Thread 0x0000026b844cea40 flushing  nmethod 0x0000026b8aa49490
Event: 52647.432 Thread 0x0000026b844cea40 flushing  nmethod 0x0000026b8aa49c90
Event: 52647.432 Thread 0x0000026b844cea40 flushing  nmethod 0x0000026b8aa4a790
Event: 52647.432 Thread 0x0000026b844cea40 flushing  nmethod 0x0000026b8aa4fe10
Event: 52647.432 Thread 0x0000026b844cea40 flushing  nmethod 0x0000026b8aa79110
Event: 52647.432 Thread 0x0000026b844cea40 flushing  nmethod 0x0000026b8aa94c90

Events (20 events):
Event: 106086.278 Thread 0x0000026be4481aa0 Thread added: 0x0000026be6497cb0
Event: 106086.279 Thread 0x0000026be4482e50 Thread added: 0x0000026be6496f90
Event: 106086.281 Thread 0x0000026be6497cb0 Thread added: 0x0000026be6498340
Event: 106146.552 Thread 0x0000026be4482e50 Thread exited: 0x0000026be4482e50
Event: 106206.561 Thread 0x0000026be4481410 Thread exited: 0x0000026be4481410
Event: 106237.872 Thread 0x0000026be6498340 Thread added: 0x0000026be6496270
Event: 106242.462 Thread 0x0000026be6496270 Thread exited: 0x0000026be6496270
Event: 106243.181 Thread 0x0000026be6497cb0 Thread added: 0x0000026be6496270
Event: 106243.182 Thread 0x0000026be6496f90 Thread added: 0x0000026be649aaa0
Event: 106399.858 Thread 0x0000026b843bc410 Thread added: 0x0000026be5e15ef0
Event: 106405.930 Thread 0x0000026be5e15ef0 Thread exited: 0x0000026be5e15ef0
Event: 106444.295 Thread 0x0000026be6498340 Thread added: 0x0000026be649b7c0
Event: 106444.648 Thread 0x0000026be649b7c0 Thread exited: 0x0000026be649b7c0
Event: 106525.104 Thread 0x0000026be6498340 Thread exited: 0x0000026be6498340
Event: 106585.092 Thread 0x0000026be6496f90 Thread exited: 0x0000026be6496f90
Event: 106645.105 Thread 0x0000026be6499060 Thread exited: 0x0000026be6499060
Event: 181745.193 Thread 0x0000026be6496270 Thread exited: 0x0000026be6496270
Event: 181805.195 Thread 0x0000026be649aaa0 Thread exited: 0x0000026be649aaa0
Event: 181865.204 Thread 0x0000026be6497cb0 Thread exited: 0x0000026be6497cb0
Event: 181925.231 Thread 0x0000026be4481aa0 Thread exited: 0x0000026be4481aa0


Dynamic libraries:
0x00007ff744d80000 - 0x00007ff744d8e000 	c:\Users\enzov\.vscode\extensions\redhat.java-1.47.0-win32-x64\jre\21.0.8-win32-x86_64\bin\java.exe
0x00007ffbf87e0000 - 0x00007ffbf8a48000 	C:\WINDOWS\SYSTEM32\ntdll.dll
0x00007ffbf6710000 - 0x00007ffbf67d9000 	C:\WINDOWS\System32\KERNEL32.DLL
0x00007ffbf5aa0000 - 0x00007ffbf5e98000 	C:\WINDOWS\System32\KERNELBASE.dll
0x00007ffbf6430000 - 0x00007ffbf657b000 	C:\WINDOWS\System32\ucrtbase.dll
0x00007ffbc6f70000 - 0x00007ffbc6f88000 	c:\Users\enzov\.vscode\extensions\redhat.java-1.47.0-win32-x64\jre\21.0.8-win32-x86_64\bin\jli.dll
0x00007ffbf7720000 - 0x00007ffbf78e7000 	C:\WINDOWS\System32\USER32.dll
0x00007ffbf5a70000 - 0x00007ffbf5a97000 	C:\WINDOWS\System32\win32u.dll
0x00007ffbf6e60000 - 0x00007ffbf6e8b000 	C:\WINDOWS\System32\GDI32.dll
0x00007ffbf5f50000 - 0x00007ffbf607c000 	C:\WINDOWS\System32\gdi32full.dll
0x00007ffbf5ea0000 - 0x00007ffbf5f43000 	C:\WINDOWS\System32\msvcp_win.dll
0x00007ffbc7050000 - 0x00007ffbc706e000 	c:\Users\enzov\.vscode\extensions\redhat.java-1.47.0-win32-x64\jre\21.0.8-win32-x86_64\bin\VCRUNTIME140.dll
0x00007ffbd0c50000 - 0x00007ffbd0ee4000 	C:\WINDOWS\WinSxS\amd64_microsoft.windows.common-controls_6595b64144ccf1df_6.0.26100.7019_none_3e06ffa0e335b8a8\COMCTL32.dll
0x00007ffbf7670000 - 0x00007ffbf7719000 	C:\WINDOWS\System32\msvcrt.dll
0x00007ffbf6a00000 - 0x00007ffbf6a31000 	C:\WINDOWS\System32\IMM32.DLL
0x00007ffbcd1f0000 - 0x00007ffbcd1fc000 	c:\Users\enzov\.vscode\extensions\redhat.java-1.47.0-win32-x64\jre\21.0.8-win32-x86_64\bin\vcruntime140_1.dll
0x00007ffbaa010000 - 0x00007ffbaa09d000 	c:\Users\enzov\.vscode\extensions\redhat.java-1.47.0-win32-x64\jre\21.0.8-win32-x86_64\bin\msvcp140.dll
0x00007ffb77a40000 - 0x00007ffb787d7000 	c:\Users\enzov\.vscode\extensions\redhat.java-1.47.0-win32-x64\jre\21.0.8-win32-x86_64\bin\server\jvm.dll
0x00007ffbf6930000 - 0x00007ffbf69e4000 	C:\WINDOWS\System32\ADVAPI32.dll
0x00007ffbf7c70000 - 0x00007ffbf7d16000 	C:\WINDOWS\System32\sechost.dll
0x00007ffbf65f0000 - 0x00007ffbf6708000 	C:\WINDOWS\System32\RPCRT4.dll
0x00007ffbf75f0000 - 0x00007ffbf7664000 	C:\WINDOWS\System32\WS2_32.dll
0x00007ffbf5790000 - 0x00007ffbf57ee000 	C:\WINDOWS\SYSTEM32\POWRPROF.dll
0x00007ffbe4550000 - 0x00007ffbe455b000 	C:\WINDOWS\SYSTEM32\VERSION.dll
0x00007ffbea400000 - 0x00007ffbea435000 	C:\WINDOWS\SYSTEM32\WINMM.dll
0x00007ffbf5770000 - 0x00007ffbf5784000 	C:\WINDOWS\SYSTEM32\UMPDC.dll
0x00007ffbf46f0000 - 0x00007ffbf470b000 	C:\WINDOWS\SYSTEM32\kernel.appcore.dll
0x00007ffbc7040000 - 0x00007ffbc704a000 	c:\Users\enzov\.vscode\extensions\redhat.java-1.47.0-win32-x64\jre\21.0.8-win32-x86_64\bin\jimage.dll
0x00007ffbf2f80000 - 0x00007ffbf31c2000 	C:\WINDOWS\SYSTEM32\DBGHELP.DLL
0x00007ffbf6a40000 - 0x00007ffbf6dcb000 	C:\WINDOWS\System32\combase.dll
0x00007ffbf6f10000 - 0x00007ffbf6fe7000 	C:\WINDOWS\System32\OLEAUT32.dll
0x00007ffbd0290000 - 0x00007ffbd02cc000 	C:\WINDOWS\SYSTEM32\dbgcore.DLL
0x00007ffbf59c0000 - 0x00007ffbf5a65000 	C:\WINDOWS\System32\bcryptPrimitives.dll
0x00007ffbc6f60000 - 0x00007ffbc6f6f000 	c:\Users\enzov\.vscode\extensions\redhat.java-1.47.0-win32-x64\jre\21.0.8-win32-x86_64\bin\instrument.dll
0x00007ffbc6f10000 - 0x00007ffbc6f2f000 	c:\Users\enzov\.vscode\extensions\redhat.java-1.47.0-win32-x64\jre\21.0.8-win32-x86_64\bin\java.dll
0x00007ffbf7d20000 - 0x00007ffbf846f000 	C:\WINDOWS\System32\SHELL32.dll
0x00007ffbf6080000 - 0x00007ffbf61eb000 	C:\WINDOWS\System32\wintypes.dll
0x00007ffbf3520000 - 0x00007ffbf3d7d000 	C:\WINDOWS\SYSTEM32\windows.storage.dll
0x00007ffbf6830000 - 0x00007ffbf6922000 	C:\WINDOWS\System32\SHCORE.dll
0x00007ffbf6580000 - 0x00007ffbf65e7000 	C:\WINDOWS\System32\shlwapi.dll
0x00007ffbf5850000 - 0x00007ffbf5879000 	C:\WINDOWS\SYSTEM32\profapi.dll
0x00007ffbc6370000 - 0x00007ffbc6388000 	c:\Users\enzov\.vscode\extensions\redhat.java-1.47.0-win32-x64\jre\21.0.8-win32-x86_64\bin\zip.dll
0x00007ffbc6f50000 - 0x00007ffbc6f60000 	C:\Users\enzov\.vscode\extensions\redhat.java-1.47.0-win32-x64\jre\21.0.8-win32-x86_64\bin\net.dll
0x00007ffbe4c20000 - 0x00007ffbe4d48000 	C:\WINDOWS\SYSTEM32\WINHTTP.dll
0x00007ffbf4c60000 - 0x00007ffbf4ccb000 	C:\WINDOWS\system32\mswsock.dll
0x00007ffbc6350000 - 0x00007ffbc6366000 	C:\Users\enzov\.vscode\extensions\redhat.java-1.47.0-win32-x64\jre\21.0.8-win32-x86_64\bin\nio.dll
0x00007ffbc6ca0000 - 0x00007ffbc6cb0000 	c:\Users\enzov\.vscode\extensions\redhat.java-1.47.0-win32-x64\jre\21.0.8-win32-x86_64\bin\verify.dll
0x00007ffba9fc0000 - 0x00007ffbaa004000 	C:\Users\enzov\AppData\Roaming\Code\User\globalStorage\redhat.java\1.47.0\config_win\org.eclipse.equinox.launcher\org.eclipse.equinox.launcher.win32.win32.x86_64_1.2.1400.v20250801-0854\eclipse_11916.dll
0x00007ffbf78f0000 - 0x00007ffbf7a87000 	C:\WINDOWS\System32\ole32.dll
0x00007ffbf4f20000 - 0x00007ffbf4f3b000 	C:\WINDOWS\SYSTEM32\CRYPTSP.dll
0x00007ffbf4650000 - 0x00007ffbf468a000 	C:\WINDOWS\system32\rsaenh.dll
0x00007ffbf4d10000 - 0x00007ffbf4d3b000 	C:\WINDOWS\SYSTEM32\USERENV.dll
0x00007ffbf5820000 - 0x00007ffbf584a000 	C:\WINDOWS\SYSTEM32\bcrypt.dll
0x00007ffbf4f40000 - 0x00007ffbf4f4c000 	C:\WINDOWS\SYSTEM32\CRYPTBASE.dll
0x00007ffbf4210000 - 0x00007ffbf4244000 	C:\WINDOWS\SYSTEM32\IPHLPAPI.DLL
0x00007ffbf67f0000 - 0x00007ffbf67fa000 	C:\WINDOWS\System32\NSI.dll
0x00007ffbc7150000 - 0x00007ffbc7199000 	C:\Users\enzov\AppData\Local\Temp\jna-96673432\jna10663787094704156674.dll
0x00007ffbf7b60000 - 0x00007ffbf7b68000 	C:\WINDOWS\System32\PSAPI.DLL
0x00007ffbea3d0000 - 0x00007ffbea3ee000 	C:\WINDOWS\SYSTEM32\dhcpcsvc6.DLL
0x00007ffbea280000 - 0x00007ffbea2a3000 	C:\WINDOWS\SYSTEM32\dhcpcsvc.DLL
0x00007ffbe26b0000 - 0x00007ffbe26be000 	C:\Users\enzov\.vscode\extensions\redhat.java-1.47.0-win32-x64\jre\21.0.8-win32-x86_64\bin\sunmscapi.dll
0x00007ffbf62b0000 - 0x00007ffbf6427000 	C:\WINDOWS\System32\CRYPT32.dll
0x00007ffbf5140000 - 0x00007ffbf5170000 	C:\WINDOWS\SYSTEM32\ncrypt.dll
0x00007ffbf50f0000 - 0x00007ffbf512f000 	C:\WINDOWS\SYSTEM32\NTASN1.dll
0x00007ffbf4250000 - 0x00007ffbf437c000 	C:\WINDOWS\SYSTEM32\DNSAPI.dll
0x00007ffbe4640000 - 0x00007ffbe464b000 	C:\Windows\System32\rasadhlp.dll
0x00007ffbec1a0000 - 0x00007ffbec226000 	C:\WINDOWS\System32\fwpuclnt.dll
0x00007ffbd5880000 - 0x00007ffbd5889000 	C:\Users\enzov\.vscode\extensions\redhat.java-1.47.0-win32-x64\jre\21.0.8-win32-x86_64\bin\extnet.dll
0x00007ffbf4810000 - 0x00007ffbf4846000 	C:\WINDOWS\SYSTEM32\ntmarta.dll
0x00007ffbc3570000 - 0x00007ffbc3578000 	C:\WINDOWS\system32\wshunix.dll
0x00007ffbd59f0000 - 0x00007ffbd59fa000 	C:\Users\enzov\.vscode\extensions\redhat.java-1.47.0-win32-x64\jre\21.0.8-win32-x86_64\bin\management.dll
0x00007ffbc62f0000 - 0x00007ffbc62fb000 	C:\Users\enzov\.vscode\extensions\redhat.java-1.47.0-win32-x64\jre\21.0.8-win32-x86_64\bin\management_ext.dll

JVMTI agents:
c:\Users\enzov\.vscode\extensions\redhat.java-1.47.0-win32-x64\lombok\lombok-1.18.39-4050.jar path:c:\Users\enzov\.vscode\extensions\redhat.java-1.47.0-win32-x64\jre\21.0.8-win32-x86_64\bin\instrument.dll, loaded, initialized, instrumentlib options:none

dbghelp: loaded successfully - version: 4.0.5 - missing functions: none
symbol engine: initialized successfully - sym options: 0x614 - pdb path: .;c:\Users\enzov\.vscode\extensions\redhat.java-1.47.0-win32-x64\jre\21.0.8-win32-x86_64\bin;C:\WINDOWS\SYSTEM32;C:\WINDOWS\WinSxS\amd64_microsoft.windows.common-controls_6595b64144ccf1df_6.0.26100.7019_none_3e06ffa0e335b8a8;c:\Users\enzov\.vscode\extensions\redhat.java-1.47.0-win32-x64\jre\21.0.8-win32-x86_64\bin\server;C:\Users\enzov\AppData\Roaming\Code\User\globalStorage\redhat.java\1.47.0\config_win\org.eclipse.equinox.launcher\org.eclipse.equinox.launcher.win32.win32.x86_64_1.2.1400.v20250801-0854;C:\Users\enzov\AppData\Local\Temp\jna-96673432

VM Arguments:
jvm_args: --add-modules=ALL-SYSTEM --add-opens=java.base/java.util=ALL-UNNAMED --add-opens=java.base/java.lang=ALL-UNNAMED --add-opens=java.base/sun.nio.fs=ALL-UNNAMED -Declipse.application=org.eclipse.jdt.ls.core.id1 -Dosgi.bundles.defaultStartLevel=4 -Declipse.product=org.eclipse.jdt.ls.core.product -Djava.import.generatesMetadataFilesAtProjectRoot=false -DDetectVMInstallationsJob.disabled=true -Dfile.encoding=utf8 -XX:+UseParallelGC -XX:GCTimeRatio=4 -XX:AdaptiveSizePolicyWeight=90 -Dsun.zip.disableMemoryMapping=true -Xmx2G -Xms100m -Xlog:disable -javaagent:c:\Users\enzov\.vscode\extensions\redhat.java-1.47.0-win32-x64\lombok\lombok-1.18.39-4050.jar -XX:+HeapDumpOnOutOfMemoryError -XX:HeapDumpPath=c:\Users\enzov\AppData\Roaming\Code\User\workspaceStorage\b69e56f3fcba66369dc5d39b48e6941d\redhat.java -Daether.dependencyCollector.impl=bf 
java_command: c:\Users\enzov\.vscode\extensions\redhat.java-1.47.0-win32-x64\server\plugins\org.eclipse.equinox.launcher_1.7.100.v20251014-1222.jar -configuration c:\Users\enzov\AppData\Roaming\Code\User\globalStorage\redhat.java\1.47.0\config_win -data c:\Users\enzov\AppData\Roaming\Code\User\workspaceStorage\b69e56f3fcba66369dc5d39b48e6941d\redhat.java\jdt_ws --pipe=\\.\pipe\lsp-c93508b92b99dfd34a0645c2e90b7471-sock
java_class_path (initial): c:\Users\enzov\.vscode\extensions\redhat.java-1.47.0-win32-x64\server\plugins\org.eclipse.equinox.launcher_1.7.100.v20251014-1222.jar
Launcher Type: SUN_STANDARD

[Global flags]
    uintx AdaptiveSizePolicyWeight                 = 90                                        {product} {command line}
     intx CICompilerCount                          = 4                                         {product} {ergonomic}
    uintx GCTimeRatio                              = 4                                         {product} {command line}
     bool HeapDumpOnOutOfMemoryError               = true                                   {manageable} {command line}
    ccstr HeapDumpPath                             = c:\Users\enzov\AppData\Roaming\Code\User\workspaceStorage\b69e56f3fcba66369dc5d39b48e6941d\redhat.java         {manageable} {command line}
   size_t InitialHeapSize                          = 104857600                                 {product} {command line}
   size_t MaxHeapSize                              = 2147483648                                {product} {command line}
   size_t MaxNewSize                               = 715653120                                 {product} {ergonomic}
   size_t MinHeapDeltaBytes                        = 524288                                    {product} {ergonomic}
   size_t MinHeapSize                              = 104857600                                 {product} {command line}
   size_t NewSize                                  = 34603008                                  {product} {ergonomic}
    uintx NonNMethodCodeHeapSize                   = 5839372                                {pd product} {ergonomic}
    uintx NonProfiledCodeHeapSize                  = 122909434                              {pd product} {ergonomic}
   size_t OldSize                                  = 70254592                                  {product} {ergonomic}
    uintx ProfiledCodeHeapSize                     = 122909434                              {pd product} {ergonomic}
    uintx ReservedCodeCacheSize                    = 251658240                              {pd product} {ergonomic}
     bool SegmentedCodeCache                       = true                                      {product} {ergonomic}
   size_t SoftMaxHeapSize                          = 2147483648                             {manageable} {ergonomic}
     bool UseCompressedOops                        = true                           {product lp64_product} {ergonomic}
     bool UseLargePagesIndividualAllocation        = false                                  {pd product} {ergonomic}
     bool UseParallelGC                            = true                                      {product} {command line}

Logging:
Log output configuration:
 #0: stdout all=off uptime,level,tags foldmultilines=false
 #1: stderr all=off uptime,level,tags foldmultilines=false

Environment Variables:
JAVA_HOME=C:\Program Files\Java\jdk-21
PATH=C:\Program Files\Common Files\Oracle\Java\javapath;C:\Program Files (x86)\Common Files\Oracle\Java\java8path;C:\Program Files (x86)\Common Files\Oracle\Java\javapath;C:\WINDOWS\system32;C:\WINDOWS;C:\WINDOWS\System32\Wbem;C:\WINDOWS\System32\WindowsPowerShell\v1.0\;C:\WINDOWS\System32\OpenSSH\;C:\MinGW\bin;C:\Users\enzov\AppData\Local\Programs\Python\Python313;C:\Program Files\Git\cmd;C:\Program Files\Go\bin;C:\Users\enzov\AppData\Local\Programs\Python\Python313\Scripts;C:\Program Files\Calibre2\;C:\Program Files\Java\jdk-21\bin;C:\Users\enzov\MavenDownload\apache-maven-3.9.11\bin;C:\Program Files\MySQL\MySQL Server 8.0\bin;C:\Program Files\MySQL\MySQL Shell 8.0\bin\;C:\Users\enzov\AppData\Local\Programs\Python\Launcher\;C:\Users\enzov\AppData\Local\Microsoft\WindowsApps;C:\Users\enzov\AppData\Local\Programs\Microsoft VS Code\bin;C:\Users\enzov\AppData\Local\GitHubDesktop\bin;C:\Users\enzov\go\bin;C:\Program Files\Go\bin;C:\Program Files\JetBrains\IntelliJ IDEA Community Edition 2025.2.3\bin
USERNAME=enzov
OS=Windows_NT
PROCESSOR_IDENTIFIER=Intel64 Family 6 Model 154 Stepping 4, GenuineIntel
TMP=C:\Users\enzov\AppData\Local\Temp
TEMP=C:\Users\enzov\AppData\Local\Temp




Periodic native trim disabled

---------------  S Y S T E M  ---------------

OS:
 Windows 11 , 64 bit Build 26100 (10.0.26100.7019)
OS uptime: 4 days 8:51 hours
Hyper-V role detected

CPU: total 8 (initial active 8) (4 cores per cpu, 2 threads per core) family 6 model 154 stepping 4 microcode 0x437, cx8, cmov, fxsr, ht, mmx, 3dnowpref, sse, sse2, sse3, ssse3, sse4.1, sse4.2, popcnt, lzcnt, tsc, tscinvbit, avx, avx2, aes, erms, clmul, bmi1, bmi2, adx, sha, fma, vzeroupper, clflush, clflushopt, clwb, hv, serialize, rdtscp, rdpid, fsrm, f16c, cet_ibt, cet_ss
Processor Information for processor 0
  Max Mhz: 1200, Current Mhz: 1200, Mhz Limit: 1200
Processor Information for processor 1
  Max Mhz: 1200, Current Mhz: 1200, Mhz Limit: 1200
Processor Information for processor 2
  Max Mhz: 1200, Current Mhz: 1200, Mhz Limit: 1200
Processor Information for processor 3
  Max Mhz: 1200, Current Mhz: 1200, Mhz Limit: 1200
Processor Information for processor 4
  Max Mhz: 1200, Current Mhz: 900, Mhz Limit: 900
Processor Information for processor 5
  Max Mhz: 1200, Current Mhz: 900, Mhz Limit: 900
Processor Information for processor 6
  Max Mhz: 1200, Current Mhz: 900, Mhz Limit: 900
Processor Information for processor 7
  Max Mhz: 1200, Current Mhz: 900, Mhz Limit: 900

Memory: 4k page, system-wide physical 7865M (625M free)
TotalPageFile size 32441M (AvailPageFile size 4M)
current process WorkingSet (physical memory assigned to process): 8M, peak: 1395M
current process commit charge ("private bytes"): 1370M, peak: 1821M

vm_info: OpenJDK 64-Bit Server VM (21.0.8+9-LTS) for windows-amd64 JRE (21.0.8+9-LTS), built on 2025-07-15T00:00:00Z by "admin" with MS VC++ 17.7 (VS2022)

END.
